<?xml version="1.0" encoding="UTF-8"?>
<testsuite name="com.jojoldu.book.springboot.web.HelloControllerTest" tests="2" skipped="0" failures="0" errors="0" timestamp="2021-10-29T09:53:52" hostname="DESKTOP-GAD472S" time="0.677">
  <properties/>
  <testcase name="hello가_리턴된다" classname="com.jojoldu.book.springboot.web.HelloControllerTest" time="0.338"/>
  <testcase name="helloDto가_리턴된다" classname="com.jojoldu.book.springboot.web.HelloControllerTest" time="0.338"/>
  <system-out><![CDATA[2021-10-29 18:53:48.108  INFO 25576 --- [    Test worker] .b.t.a.w.s.WebMvcTestContextBootstrapper : Neither @ContextConfiguration nor @ContextHierarchy found for test class [com.jojoldu.book.springboot.web.HelloControllerTest], using SpringBootContextLoader
2021-10-29 18:53:48.113  INFO 25576 --- [    Test worker] o.s.t.c.support.AbstractContextLoader    : Could not detect default resource locations for test class [com.jojoldu.book.springboot.web.HelloControllerTest]: no resource found for suffixes {-context.xml, Context.groovy}.
2021-10-29 18:53:48.113  INFO 25576 --- [    Test worker] t.c.s.AnnotationConfigContextLoaderUtils : Could not detect default configuration classes for test class [com.jojoldu.book.springboot.web.HelloControllerTest]: HelloControllerTest does not declare any static, non-private, non-final, nested classes annotated with @Configuration.
2021-10-29 18:53:48.196  INFO 25576 --- [    Test worker] .b.t.c.SpringBootTestContextBootstrapper : Found @SpringBootConfiguration com.jojoldu.book.springboot.Application for test class com.jojoldu.book.springboot.web.HelloControllerTest
2021-10-29 18:53:48.200  INFO 25576 --- [    Test worker] .b.t.a.w.s.WebMvcTestContextBootstrapper : Loaded default TestExecutionListener class names from location [META-INF/spring.factories]: [org.springframework.security.test.context.support.WithSecurityContextTestExecutionListener, org.springframework.security.test.context.support.ReactorContextTestExecutionListener, org.springframework.test.context.web.ServletTestExecutionListener, org.springframework.test.context.support.DirtiesContextBeforeModesTestExecutionListener, org.springframework.test.context.support.DependencyInjectionTestExecutionListener, org.springframework.test.context.support.DirtiesContextTestExecutionListener, org.springframework.test.context.transaction.TransactionalTestExecutionListener, org.springframework.test.context.jdbc.SqlScriptsTestExecutionListener, org.springframework.boot.test.autoconfigure.restdocs.RestDocsTestExecutionListener, org.springframework.boot.test.autoconfigure.web.client.MockRestServiceServerResetTestExecutionListener, org.springframework.boot.test.autoconfigure.web.servlet.MockMvcPrintOnlyOnFailureTestExecutionListener, org.springframework.boot.test.autoconfigure.web.servlet.WebDriverTestExecutionListener, org.springframework.boot.test.mock.mockito.MockitoTestExecutionListener, org.springframework.boot.test.mock.mockito.ResetMocksTestExecutionListener]
2021-10-29 18:53:48.206  INFO 25576 --- [    Test worker] .b.t.a.w.s.WebMvcTestContextBootstrapper : Using TestExecutionListeners: [org.springframework.test.context.web.ServletTestExecutionListener@2a41abf0, org.springframework.test.context.support.DirtiesContextBeforeModesTestExecutionListener@687d63e0, org.springframework.boot.test.mock.mockito.MockitoTestExecutionListener@3bae2f21, org.springframework.boot.test.autoconfigure.SpringBootDependencyInjectionTestExecutionListener@2555a347, org.springframework.test.context.support.DirtiesContextTestExecutionListener@2ec9236, org.springframework.test.context.transaction.TransactionalTestExecutionListener@18d83e8, org.springframework.test.context.jdbc.SqlScriptsTestExecutionListener@4b1063df, org.springframework.security.test.context.support.WithSecurityContextTestExecutionListener@43d7ae61, org.springframework.security.test.context.support.ReactorContextTestExecutionListener@254cf90f, org.springframework.boot.test.autoconfigure.restdocs.RestDocsTestExecutionListener@4833bc8d, org.springframework.boot.test.autoconfigure.web.client.MockRestServiceServerResetTestExecutionListener@7520cf, org.springframework.boot.test.autoconfigure.web.servlet.MockMvcPrintOnlyOnFailureTestExecutionListener@7e2f2206, org.springframework.boot.test.autoconfigure.web.servlet.WebDriverTestExecutionListener@3c69384d, org.springframework.boot.test.mock.mockito.ResetMocksTestExecutionListener@696b3c99]

  .   ____          _            __ _ _
 /\\ / ___'_ __ _ _(_)_ __  __ _ \ \ \ \
( ( )\___ | '_ | '_| | '_ \/ _` | \ \ \ \
 \\/  ___)| |_)| | | | | || (_| |  ) ) ) )
  '  |____| .__|_| |_|_| |_\__, | / / / /
 =========|_|==============|___/=/_/_/_/
 :: Spring Boot ::        (v2.1.9.RELEASE)

2021-10-29 18:53:48.396  INFO 25576 --- [    Test worker] c.j.b.s.web.HelloControllerTest          : Starting HelloControllerTest on DESKTOP-GAD472S with PID 25576 (started by JUNG in C:\study\freelec-springboot2-webservice)
2021-10-29 18:53:48.406  INFO 25576 --- [    Test worker] c.j.b.s.web.HelloControllerTest          : No active profile set, falling back to default profiles: default
2021-10-29 18:53:50.638  INFO 25576 --- [    Test worker] o.s.s.concurrent.ThreadPoolTaskExecutor  : Initializing ExecutorService 'applicationTaskExecutor'
2021-10-29 18:53:50.840  INFO 25576 --- [    Test worker] o.s.b.a.w.s.WelcomePageHandlerMapping    : Adding welcome page template: index
2021-10-29 18:53:51.845  INFO 25576 --- [    Test worker] .s.s.UserDetailsServiceAutoConfiguration : 

Using generated security password: 7a6f7df2-5ada-460b-a76a-99d36acaabf0

2021-10-29 18:53:52.555  INFO 25576 --- [    Test worker] o.s.s.web.DefaultSecurityFilterChain     : Creating filter chain: any request, [org.springframework.security.web.context.request.async.WebAsyncManagerIntegrationFilter@7330e31, org.springframework.security.web.context.SecurityContextPersistenceFilter@1a413ef7, org.springframework.security.web.header.HeaderWriterFilter@37cd499, org.springframework.security.web.csrf.CsrfFilter@c32432a, org.springframework.security.web.authentication.logout.LogoutFilter@1062b03d, org.springframework.security.web.authentication.UsernamePasswordAuthenticationFilter@2f40f6fc, org.springframework.security.web.authentication.ui.DefaultLoginPageGeneratingFilter@3bd10d4a, org.springframework.security.web.authentication.ui.DefaultLogoutPageGeneratingFilter@70ca5d15, org.springframework.security.web.authentication.www.BasicAuthenticationFilter@50586cfa, org.springframework.security.web.savedrequest.RequestCacheAwareFilter@c116e33, org.springframework.security.web.servletapi.SecurityContextHolderAwareRequestFilter@69acab34, org.springframework.security.web.authentication.AnonymousAuthenticationFilter@6366c04a, org.springframework.security.web.session.SessionManagementFilter@1dc9fccf, org.springframework.security.web.access.ExceptionTranslationFilter@40aadd99, org.springframework.security.web.access.intercept.FilterSecurityInterceptor@5fcfb471]
2021-10-29 18:53:52.729  INFO 25576 --- [    Test worker] o.s.b.t.m.w.SpringBootMockServletContext : Initializing Spring TestDispatcherServlet ''
2021-10-29 18:53:52.730  INFO 25576 --- [    Test worker] o.s.t.web.servlet.TestDispatcherServlet  : Initializing Servlet ''
2021-10-29 18:53:52.784  INFO 25576 --- [    Test worker] o.s.t.web.servlet.TestDispatcherServlet  : Completed initialization in 54 ms
2021-10-29 18:53:52.900  INFO 25576 --- [    Test worker] c.j.b.s.web.HelloControllerTest          : Started HelloControllerTest in 4.686 seconds (JVM running for 38.999)
]]></system-out>
  <system-err><![CDATA[]]></system-err>
</testsuite>
